# JRE version: Java(TM) SE Runtime Environment (7.0_79-b15) (build 1.7.0_79-b15)
# Java VM: Java HotSpot(TM) 64-Bit Server VM (24.79-b02 mixed mode windows-amd64 compressed oops)
Heap
 PSYoungGen      total 107520K, used 70094K [0x00000000eaa80000, 0x00000000f6500000, 0x0000000100000000)
  eden space 48128K, 28% used [0x00000000eaa80000,0x00000000eb7fd368,0x00000000ed980000)
  from space 59392K, 94% used [0x00000000ed980000,0x00000000f10765c0,0x00000000f1380000)
  to   space 67584K, 0% used [0x00000000f2300000,0x00000000f2300000,0x00000000f6500000)
 ParOldGen       total 268800K, used 144820K [0x00000000c0000000, 0x00000000d0680000, 0x00000000eaa80000)
  object space 268800K, 53% used [0x00000000c0000000,0x00000000c8d6d108,0x00000000d0680000)
 PSPermGen       total 21504K, used 6003K [0x00000000bae00000, 0x00000000bc300000, 0x00000000c0000000)
  object space 21504K, 27% used [0x00000000bae00000,0x00000000bb3dce30,0x00000000bc300000)
GC Heap History (10 events):
Event: 25.664 GC heap before
{Heap before GC invocations=20 (full 3):
 PSYoungGen      total 83456K, used 77235K [0x00000000eaa80000, 0x00000000f3100000, 0x0000000100000000)
  eden space 41472K, 100% used [0x00000000eaa80000,0x00000000ed300000,0x00000000ed300000)
  from space 41984K, 85% used [0x00000000f0000000,0x00000000f22ecdc0,0x00000000f2900000)
  to   space 46080K, 0% used [0x00000000ed300000,0x00000000ed300000,0x00000000f0000000)
 ParOldGen       total 144896K, used 110980K [0x00000000c0000000, 0x00000000c8d80000, 0x00000000eaa80000)
  object space 144896K, 76% used [0x00000000c0000000,0x00000000c6c61008,0x00000000c8d80000)
 PSPermGen       total 21504K, used 5996K [0x00000000bae00000, 0x00000000bc300000, 0x00000000c0000000)
  object space 21504K, 27% used [0x00000000bae00000,0x00000000bb3db3c0,0x00000000bc300000)
Event: 25.777 GC heap after
Heap after GC invocations=20 (full 3):
 PSYoungGen      total 87552K, used 46067K [0x00000000eaa80000, 0x00000000f4d00000, 0x0000000100000000)
  eden space 41472K, 0% used [0x00000000eaa80000,0x00000000eaa80000,0x00000000ed300000)
  from space 46080K, 99% used [0x00000000ed300000,0x00000000efffcdc0,0x00000000f0000000)
  to   space 57856K, 0% used [0x00000000f1480000,0x00000000f1480000,0x00000000f4d00000)
 ParOldGen       total 144896K, used 122756K [0x00000000c0000000, 0x00000000c8d80000, 0x00000000eaa80000)
  object space 144896K, 84% used [0x00000000c0000000,0x00000000c77e1008,0x00000000c8d80000)
 PSPermGen       total 21504K, used 5996K [0x00000000bae00000, 0x00000000bc300000, 0x00000000c0000000)
  object space 21504K, 27% used [0x00000000bae00000,0x00000000bb3db3c0,0x00000000bc300000)
}
Event: 25.777 GC heap before
{Heap before GC invocations=21 (full 4):
 PSYoungGen      total 87552K, used 46067K [0x00000000eaa80000, 0x00000000f4d00000, 0x0000000100000000)
  eden space 41472K, 0% used [0x00000000eaa80000,0x00000000eaa80000,0x00000000ed300000)
  from space 46080K, 99% used [0x00000000ed300000,0x00000000efffcdc0,0x00000000f0000000)
  to   space 57856K, 0% used [0x00000000f1480000,0x00000000f1480000,0x00000000f4d00000)
 ParOldGen       total 144896K, used 122756K [0x00000000c0000000, 0x00000000c8d80000, 0x00000000eaa80000)
  object space 144896K, 84% used [0x00000000c0000000,0x00000000c77e1008,0x00000000c8d80000)
 PSPermGen       total 21504K, used 5996K [0x00000000bae00000, 0x00000000bc300000, 0x00000000c0000000)
  object space 21504K, 27% used [0x00000000bae00000,0x00000000bb3db3c0,0x00000000bc300000)
Event: 26.673 GC heap after
Heap after GC invocations=21 (full 4):
 PSYoungGen      total 87552K, used 16305K [0x00000000eaa80000, 0x00000000f4d00000, 0x0000000100000000)
  eden space 41472K, 0% used [0x00000000eaa80000,0x00000000eaa80000,0x00000000ed300000)
  from space 46080K, 35% used [0x00000000ed300000,0x00000000ee2ec408,0x00000000f0000000)
  to   space 57856K, 0% used [0x00000000f1480000,0x00000000f1480000,0x00000000f4d00000)
 ParOldGen       total 144896K, used 144534K [0x00000000c0000000, 0x00000000c8d80000, 0x00000000eaa80000)
  object space 144896K, 99% used [0x00000000c0000000,0x00000000c8d25bd8,0x00000000c8d80000)
 PSPermGen       total 21504K, used 5996K [0x00000000bae00000, 0x00000000bc300000, 0x00000000c0000000)
  object space 21504K, 27% used [0x00000000bae00000,0x00000000bb3db3c0,0x00000000bc300000)
}
Event: 26.798 GC heap before
{Heap before GC invocations=22 (full 5):
 PSYoungGen      total 87552K, used 57776K [0x00000000eaa80000, 0x00000000f4d00000, 0x0000000100000000)
  eden space 41472K, 99% used [0x00000000eaa80000,0x00000000ed2ffea8,0x00000000ed300000)
  from space 46080K, 35% used [0x00000000ed300000,0x00000000ee2ec408,0x00000000f0000000)
  to   space 57856K, 0% used [0x00000000f1480000,0x00000000f1480000,0x00000000f4d00000)
 ParOldGen       total 144896K, used 144534K [0x00000000c0000000, 0x00000000c8d80000, 0x00000000eaa80000)
  object space 144896K, 99% used [0x00000000c0000000,0x00000000c8d25bd8,0x00000000c8d80000)
 PSPermGen       total 21504K, used 5997K [0x00000000bae00000, 0x00000000bc300000, 0x00000000c0000000)
  object space 21504K, 27% used [0x00000000bae00000,0x00000000bb3db400,0x00000000bc300000)
Event: 27.611 GC heap after
Heap after GC invocations=22 (full 5):
 PSYoungGen      total 87552K, used 29778K [0x00000000eaa80000, 0x00000000f4d00000, 0x0000000100000000)
  eden space 41472K, 71% used [0x00000000eaa80000,0x00000000ec794940,0x00000000ed300000)
  from space 46080K, 0% used [0x00000000ed300000,0x00000000ed300000,0x00000000f0000000)
  to   space 57856K, 0% used [0x00000000f1480000,0x00000000f1480000,0x00000000f4d00000)
 ParOldGen       total 268800K, used 144676K [0x00000000c0000000, 0x00000000d0680000, 0x00000000eaa80000)
  object space 268800K, 53% used [0x00000000c0000000,0x00000000c8d49108,0x00000000d0680000)
 PSPermGen       total 21504K, used 5996K [0x00000000bae00000, 0x00000000bc300000, 0x00000000c0000000)
  object space 21504K, 27% used [0x00000000bae00000,0x00000000bb3db3c0,0x00000000bc300000)
}
Event: 27.617 GC heap before
{Heap before GC invocations=23 (full 5):
 PSYoungGen      total 87552K, used 41472K [0x00000000eaa80000, 0x00000000f4d00000, 0x0000000100000000)
  eden space 41472K, 100% used [0x00000000eaa80000,0x00000000ed300000,0x00000000ed300000)
  from space 46080K, 0% used [0x00000000ed300000,0x00000000ed300000,0x00000000f0000000)
  to   space 57856K, 0% used [0x00000000f1480000,0x00000000f1480000,0x00000000f4d00000)
 ParOldGen       total 268800K, used 144676K [0x00000000c0000000, 0x00000000d0680000, 0x00000000eaa80000)
  object space 268800K, 53% used [0x00000000c0000000,0x00000000c8d49108,0x00000000d0680000)
 PSPermGen       total 21504K, used 5997K [0x00000000bae00000, 0x00000000bc300000, 0x00000000c0000000)
  object space 21504K, 27% used [0x00000000bae00000,0x00000000bb3db6e8,0x00000000bc300000)
Event: 27.760 GC heap after
Heap after GC invocations=23 (full 5):
 PSYoungGen      total 105984K, used 37596K [0x00000000eaa80000, 0x00000000f4d80000, 0x0000000100000000)
  eden space 48128K, 0% used [0x00000000eaa80000,0x00000000eaa80000,0x00000000ed980000)
  from space 57856K, 64% used [0x00000000f1480000,0x00000000f39370e0,0x00000000f4d00000)
  to   space 59392K, 0% used [0x00000000ed980000,0x00000000ed980000,0x00000000f1380000)
 ParOldGen       total 268800K, used 144820K [0x00000000c0000000, 0x00000000d0680000, 0x00000000eaa80000)
  object space 268800K, 53% used [0x00000000c0000000,0x00000000c8d6d108,0x00000000d0680000)
 PSPermGen       total 21504K, used 5997K [0x00000000bae00000, 0x00000000bc300000, 0x00000000c0000000)
  object space 21504K, 27% used [0x00000000bae00000,0x00000000bb3db6e8,0x00000000bc300000)
}
Event: 27.826 GC heap before
{Heap before GC invocations=24 (full 5):
 PSYoungGen      total 105984K, used 85724K [0x00000000eaa80000, 0x00000000f4d80000, 0x0000000100000000)
  eden space 48128K, 100% used [0x00000000eaa80000,0x00000000ed980000,0x00000000ed980000)
  from space 57856K, 64% used [0x00000000f1480000,0x00000000f39370e0,0x00000000f4d00000)
  to   space 59392K, 0% used [0x00000000ed980000,0x00000000ed980000,0x00000000f1380000)
 ParOldGen       total 268800K, used 144820K [0x00000000c0000000, 0x00000000d0680000, 0x00000000eaa80000)
  object space 268800K, 53% used [0x00000000c0000000,0x00000000c8d6d108,0x00000000d0680000)
 PSPermGen       total 21504K, used 6003K [0x00000000bae00000, 0x00000000bc300000, 0x00000000c0000000)
  object space 21504K, 27% used [0x00000000bae00000,0x00000000bb3dcd78,0x00000000bc300000)
Event: 27.862 GC heap after
Heap after GC invocations=24 (full 5):
 PSYoungGen      total 107520K, used 56281K [0x00000000eaa80000, 0x00000000f6500000, 0x0000000100000000)
  eden space 48128K, 0% used [0x00000000eaa80000,0x00000000eaa80000,0x00000000ed980000)
  from space 59392K, 94% used [0x00000000ed980000,0x00000000f10765c0,0x00000000f1380000)
  to   space 67584K, 0% used [0x00000000f2300000,0x00000000f2300000,0x00000000f6500000)
 ParOldGen       total 268800K, used 144820K [0x00000000c0000000, 0x00000000d0680000, 0x00000000eaa80000)
  object space 268800K, 53% used [0x00000000c0000000,0x00000000c8d6d108,0x00000000d0680000)
 PSPermGen       total 21504K, used 6003K [0x00000000bae00000, 0x00000000bc300000, 0x00000000c0000000)
  object space 21504K, 27% used [0x00000000bae00000,0x00000000bb3dcd78,0x00000000bc300000)
}

