# JRE version: Java(TM) SE Runtime Environment (7.0_79-b15) (build 1.7.0_79-b15)
# Java VM: Java HotSpot(TM) 64-Bit Server VM (24.79-b02 mixed mode windows-amd64 compressed oops)
Heap
 PSYoungGen      total 116736K, used 10069K [0x00000000eaa80000, 0x00000000f3280000, 0x0000000100000000)
  eden space 96256K, 0% used [0x00000000eaa80000,0x00000000eab503e0,0x00000000f0880000)
  from space 20480K, 45% used [0x00000000f0880000,0x00000000f11851d8,0x00000000f1c80000)
  to   space 18432K, 0% used [0x00000000f1c80000,0x00000000f1c80000,0x00000000f2e80000)
 ParOldGen       total 76800K, used 42399K [0x00000000c0000000, 0x00000000c4b00000, 0x00000000eaa80000)
  object space 76800K, 55% used [0x00000000c0000000,0x00000000c2967e80,0x00000000c4b00000)
 PSPermGen       total 21504K, used 6229K [0x00000000bae00000, 0x00000000bc300000, 0x00000000c0000000)
  object space 21504K, 28% used [0x00000000bae00000,0x00000000bb415610,0x00000000bc300000)
GC Heap History (10 events):
Event: 7.258 GC heap before
{Heap before GC invocations=8 (full 0):
 PSYoungGen      total 39424K, used 39408K [0x00000000eaa80000, 0x00000000efc80000, 0x0000000100000000)
  eden space 32768K, 100% used [0x00000000eaa80000,0x00000000eca80000,0x00000000eca80000)
  from space 6656K, 99% used [0x00000000eca80000,0x00000000ed0fc020,0x00000000ed100000)
  to   space 9216K, 0% used [0x00000000ef380000,0x00000000ef380000,0x00000000efc80000)
 ParOldGen       total 42496K, used 13681K [0x00000000c0000000, 0x00000000c2980000, 0x00000000eaa80000)
  object space 42496K, 32% used [0x00000000c0000000,0x00000000c0d5c7b8,0x00000000c2980000)
 PSPermGen       total 21504K, used 5965K [0x00000000bae00000, 0x00000000bc300000, 0x00000000c0000000)
  object space 21504K, 27% used [0x00000000bae00000,0x00000000bb3d3638,0x00000000bc300000)
Event: 7.449 GC heap after
Heap after GC invocations=8 (full 0):
 PSYoungGen      total 70656K, used 9206K [0x00000000eaa80000, 0x00000000f0480000, 0x0000000100000000)
  eden space 61440K, 0% used [0x00000000eaa80000,0x00000000eaa80000,0x00000000ee680000)
  from space 9216K, 99% used [0x00000000ef380000,0x00000000efc7d870,0x00000000efc80000)
  to   space 13312K, 0% used [0x00000000ee680000,0x00000000ee680000,0x00000000ef380000)
 ParOldGen       total 42496K, used 20326K [0x00000000c0000000, 0x00000000c2980000, 0x00000000eaa80000)
  object space 42496K, 47% used [0x00000000c0000000,0x00000000c13d9860,0x00000000c2980000)
 PSPermGen       total 21504K, used 5965K [0x00000000bae00000, 0x00000000bc300000, 0x00000000c0000000)
  object space 21504K, 27% used [0x00000000bae00000,0x00000000bb3d3638,0x00000000bc300000)
}
Event: 8.132 GC heap before
{Heap before GC invocations=9 (full 0):
 PSYoungGen      total 70656K, used 70646K [0x00000000eaa80000, 0x00000000f0480000, 0x0000000100000000)
  eden space 61440K, 100% used [0x00000000eaa80000,0x00000000ee680000,0x00000000ee680000)
  from space 9216K, 99% used [0x00000000ef380000,0x00000000efc7d870,0x00000000efc80000)
  to   space 13312K, 0% used [0x00000000ee680000,0x00000000ee680000,0x00000000ef380000)
 ParOldGen       total 42496K, used 20326K [0x00000000c0000000, 0x00000000c2980000, 0x00000000eaa80000)
  object space 42496K, 47% used [0x00000000c0000000,0x00000000c13d9860,0x00000000c2980000)
 PSPermGen       total 21504K, used 5988K [0x00000000bae00000, 0x00000000bc300000, 0x00000000c0000000)
  object space 21504K, 27% used [0x00000000bae00000,0x00000000bb3d90f0,0x00000000bc300000)
Event: 8.460 GC heap after
Heap after GC invocations=9 (full 0):
 PSYoungGen      total 74752K, used 13303K [0x00000000eaa80000, 0x00000000f2e80000, 0x0000000100000000)
  eden space 61440K, 0% used [0x00000000eaa80000,0x00000000eaa80000,0x00000000ee680000)
  from space 13312K, 99% used [0x00000000ee680000,0x00000000ef37dfb8,0x00000000ef380000)
  to   space 18432K, 0% used [0x00000000f1c80000,0x00000000f1c80000,0x00000000f2e80000)
 ParOldGen       total 42496K, used 28260K [0x00000000c0000000, 0x00000000c2980000, 0x00000000eaa80000)
  object space 42496K, 66% used [0x00000000c0000000,0x00000000c1b99068,0x00000000c2980000)
 PSPermGen       total 21504K, used 5988K [0x00000000bae00000, 0x00000000bc300000, 0x00000000c0000000)
  object space 21504K, 27% used [0x00000000bae00000,0x00000000bb3d90f0,0x00000000bc300000)
}
Event: 9.665 GC heap before
{Heap before GC invocations=10 (full 0):
 PSYoungGen      total 74752K, used 74743K [0x00000000eaa80000, 0x00000000f2e80000, 0x0000000100000000)
  eden space 61440K, 100% used [0x00000000eaa80000,0x00000000ee680000,0x00000000ee680000)
  from space 13312K, 99% used [0x00000000ee680000,0x00000000ef37dfb8,0x00000000ef380000)
  to   space 18432K, 0% used [0x00000000f1c80000,0x00000000f1c80000,0x00000000f2e80000)
 ParOldGen       total 42496K, used 28260K [0x00000000c0000000, 0x00000000c2980000, 0x00000000eaa80000)
  object space 42496K, 66% used [0x00000000c0000000,0x00000000c1b99068,0x00000000c2980000)
 PSPermGen       total 21504K, used 6003K [0x00000000bae00000, 0x00000000bc300000, 0x00000000c0000000)
  object space 21504K, 27% used [0x00000000bae00000,0x00000000bb3dcdc8,0x00000000bc300000)
Event: 9.947 GC heap after
Heap after GC invocations=10 (full 0):
 PSYoungGen      total 114688K, used 17015K [0x00000000eaa80000, 0x00000000f3280000, 0x0000000100000000)
  eden space 96256K, 0% used [0x00000000eaa80000,0x00000000eaa80000,0x00000000f0880000)
  from space 18432K, 92% used [0x00000000f1c80000,0x00000000f2d1dfc8,0x00000000f2e80000)
  to   space 20480K, 0% used [0x00000000f0880000,0x00000000f0880000,0x00000000f1c80000)
 ParOldGen       total 42496K, used 34614K [0x00000000c0000000, 0x00000000c2980000, 0x00000000eaa80000)
  object space 42496K, 81% used [0x00000000c0000000,0x00000000c21cd928,0x00000000c2980000)
 PSPermGen       total 21504K, used 6003K [0x00000000bae00000, 0x00000000bc300000, 0x00000000c0000000)
  object space 21504K, 27% used [0x00000000bae00000,0x00000000bb3dcdc8,0x00000000bc300000)
}
Event: 9.947 GC heap before
{Heap before GC invocations=11 (full 1):
 PSYoungGen      total 114688K, used 17015K [0x00000000eaa80000, 0x00000000f3280000, 0x0000000100000000)
  eden space 96256K, 0% used [0x00000000eaa80000,0x00000000eaa80000,0x00000000f0880000)
  from space 18432K, 92% used [0x00000000f1c80000,0x00000000f2d1dfc8,0x00000000f2e80000)
  to   space 20480K, 0% used [0x00000000f0880000,0x00000000f0880000,0x00000000f1c80000)
 ParOldGen       total 42496K, used 34614K [0x00000000c0000000, 0x00000000c2980000, 0x00000000eaa80000)
  object space 42496K, 81% used [0x00000000c0000000,0x00000000c21cd928,0x00000000c2980000)
 PSPermGen       total 21504K, used 6003K [0x00000000bae00000, 0x00000000bc300000, 0x00000000c0000000)
  object space 21504K, 27% used [0x00000000bae00000,0x00000000bb3dcdc8,0x00000000bc300000)
Event: 12.724 GC heap after
Heap after GC invocations=11 (full 1):
 PSYoungGen      total 114688K, used 0K [0x00000000eaa80000, 0x00000000f3280000, 0x0000000100000000)
  eden space 96256K, 0% used [0x00000000eaa80000,0x00000000eaa80000,0x00000000f0880000)
  from space 18432K, 0% used [0x00000000f1c80000,0x00000000f1c80000,0x00000000f2e80000)
  to   space 20480K, 0% used [0x00000000f0880000,0x00000000f0880000,0x00000000f1c80000)
 ParOldGen       total 76800K, used 42399K [0x00000000c0000000, 0x00000000c4b00000, 0x00000000eaa80000)
  object space 76800K, 55% used [0x00000000c0000000,0x00000000c2967e80,0x00000000c4b00000)
 PSPermGen       total 21504K, used 5998K [0x00000000bae00000, 0x00000000bc300000, 0x00000000c0000000)
  object space 21504K, 27% used [0x00000000bae00000,0x00000000bb3dbbc8,0x00000000bc300000)
}
Event: 15.935 GC heap before
{Heap before GC invocations=12 (full 1):
 PSYoungGen      total 114688K, used 96217K [0x00000000eaa80000, 0x00000000f3280000, 0x0000000100000000)
  eden space 96256K, 99% used [0x00000000eaa80000,0x00000000f08767b0,0x00000000f0880000)
  from space 18432K, 0% used [0x00000000f1c80000,0x00000000f1c80000,0x00000000f2e80000)
  to   space 20480K, 0% used [0x00000000f0880000,0x00000000f0880000,0x00000000f1c80000)
 ParOldGen       total 76800K, used 42399K [0x00000000c0000000, 0x00000000c4b00000, 0x00000000eaa80000)
  object space 76800K, 55% used [0x00000000c0000000,0x00000000c2967e80,0x00000000c4b00000)
 PSPermGen       total 21504K, used 6226K [0x00000000bae00000, 0x00000000bc300000, 0x00000000c0000000)
  object space 21504K, 28% used [0x00000000bae00000,0x00000000bb4148f0,0x00000000bc300000)
Event: 15.994 GC heap after
Heap after GC invocations=12 (full 1):
 PSYoungGen      total 116736K, used 9236K [0x00000000eaa80000, 0x00000000f3280000, 0x0000000100000000)
  eden space 96256K, 0% used [0x00000000eaa80000,0x00000000eaa80000,0x00000000f0880000)
  from space 20480K, 45% used [0x00000000f0880000,0x00000000f11851d8,0x00000000f1c80000)
  to   space 18432K, 0% used [0x00000000f1c80000,0x00000000f1c80000,0x00000000f2e80000)
 ParOldGen       total 76800K, used 42399K [0x00000000c0000000, 0x00000000c4b00000, 0x00000000eaa80000)
  object space 76800K, 55% used [0x00000000c0000000,0x00000000c2967e80,0x00000000c4b00000)
 PSPermGen       total 21504K, used 6226K [0x00000000bae00000, 0x00000000bc300000, 0x00000000c0000000)
  object space 21504K, 28% used [0x00000000bae00000,0x00000000bb4148f0,0x00000000bc300000)
}

